<?xml version="1.0" encoding="UTF-8"?>
<!-- Generated by org.testng.reporters.JUnitXMLReporter -->
<testsuite ignored="0" hostname="LKCONMVIJAYAN01" failures="0" tests="6" name="Default test" time="32.439" errors="0" timestamp="2022-04-22T13:06:56 IST">
  <testcase classname="herokuapp.assignment.testcase.AcceptanceTests" name="verifyLoginFailure" time="11.86"/>
  <testcase classname="herokuapp.assignment.testcase.AcceptanceTests" name="verifyLoginSuccess" time="1.156"/>
  <testcase classname="herokuapp.assignment.testcase.AcceptanceTests" name="VerifyJSConfirm" time="5.644"/>
  <testcase classname="herokuapp.assignment.testcase.AcceptanceTests" name="VerifyjsPromptText" time="0.245"/>
  <testcase classname="herokuapp.assignment.testcase.AcceptanceTests" name="launchWebBrowserForImageUploadURL" time="7.769"/>
  <testcase classname="herokuapp.assignment.testcase.AcceptanceTests" name="iframeAccesses" time="5.683"/>
</testsuite> <!-- Default test -->
