<?xml version="1.0" encoding="UTF-8"?>
<testng-results ignored="0" total="6" passed="6" failed="0" skipped="0">
  <reporter-output>
  </reporter-output>
  <suite started-at="2022-04-22T13:06:23 IST" name="Default suite" finished-at="2022-04-22T13:06:56 IST" duration-ms="32439">
    <groups>
    </groups>
    <test started-at="2022-04-22T13:06:23 IST" name="Default test" finished-at="2022-04-22T13:06:56 IST" duration-ms="32439">
      <class name="herokuapp.assignment.testcase.AcceptanceTests">
        <test-method signature="verifyLoginFailure()[pri:0, instance:herokuapp.assignment.testcase.AcceptanceTests@483f6d77]" started-at="2022-04-22T13:06:23 IST" name="verifyLoginFailure" finished-at="2022-04-22T13:06:35 IST" duration-ms="11860" status="PASS">
          <reporter-output>
          </reporter-output>
        </test-method> <!-- verifyLoginFailure -->
        <test-method signature="verifyLoginSuccess()[pri:1, instance:herokuapp.assignment.testcase.AcceptanceTests@483f6d77]" started-at="2022-04-22T13:06:35 IST" name="verifyLoginSuccess" finished-at="2022-04-22T13:06:36 IST" duration-ms="1156" status="PASS">
          <reporter-output>
          </reporter-output>
        </test-method> <!-- verifyLoginSuccess -->
        <test-method signature="VerifyJSConfirm()[pri:2, instance:herokuapp.assignment.testcase.AcceptanceTests@483f6d77]" started-at="2022-04-22T13:06:36 IST" name="VerifyJSConfirm" finished-at="2022-04-22T13:06:42 IST" duration-ms="5644" status="PASS">
          <reporter-output>
          </reporter-output>
        </test-method> <!-- VerifyJSConfirm -->
        <test-method signature="VerifyjsPromptText()[pri:3, instance:herokuapp.assignment.testcase.AcceptanceTests@483f6d77]" started-at="2022-04-22T13:06:42 IST" name="VerifyjsPromptText" finished-at="2022-04-22T13:06:42 IST" duration-ms="245" status="PASS">
          <reporter-output>
          </reporter-output>
        </test-method> <!-- VerifyjsPromptText -->
        <test-method signature="launchWebBrowserForImageUploadURL()[pri:6, instance:herokuapp.assignment.testcase.AcceptanceTests@483f6d77]" started-at="2022-04-22T13:06:42 IST" name="launchWebBrowserForImageUploadURL" finished-at="2022-04-22T13:06:50 IST" duration-ms="7769" status="PASS">
          <reporter-output>
          </reporter-output>
        </test-method> <!-- launchWebBrowserForImageUploadURL -->
        <test-method signature="iframeAccesses()[pri:7, instance:herokuapp.assignment.testcase.AcceptanceTests@483f6d77]" started-at="2022-04-22T13:06:50 IST" name="iframeAccesses" finished-at="2022-04-22T13:06:56 IST" duration-ms="5683" status="PASS">
          <reporter-output>
          </reporter-output>
        </test-method> <!-- iframeAccesses -->
      </class> <!-- herokuapp.assignment.testcase.AcceptanceTests -->
    </test> <!-- Default test -->
  </suite> <!-- Default suite -->
</testng-results>
